2025-03-04 13:01:51 [INFO] Starting AddressBookAppApplication using Java 21.0.6 with PID 14776 (D:\Capgemini training\Week 6 and 7\Address book App\AddressBookApp\target\classes started by HP in D:\Capgemini training\Week 6 and 7\Address book App\AddressBookApp)
2025-03-04 13:01:51 [DEBUG] Running with Spring Boot v3.4.3, Spring v6.2.3
2025-03-04 13:01:51 [INFO] No active profile set, falling back to 1 default profile: "default"
2025-03-04 13:01:51 [INFO] Devtools property defaults active! Set 'spring.devtools.add-properties' to 'false' to disable
2025-03-04 13:01:51 [INFO] For additional web related logging consider setting the 'logging.level.web' property to 'DEBUG'
2025-03-04 13:01:52 [INFO] Bootstrapping Spring Data JPA repositories in DEFAULT mode.
2025-03-04 13:01:52 [INFO] Finished Spring Data repository scanning in 52 ms. Found 1 JPA repository interface.
2025-03-04 13:01:53 [INFO] Tomcat initialized with port 8080 (http)
2025-03-04 13:01:53 [INFO] Loaded Apache Tomcat Native library [2.0.8] using APR version [1.7.4].
2025-03-04 13:01:53 [INFO] OpenSSL successfully initialized [OpenSSL 3.0.14 4 Jun 2024]
2025-03-04 13:01:53 [INFO] Starting service [Tomcat]
2025-03-04 13:01:53 [INFO] Starting Servlet engine: [Apache Tomcat/10.1.36]
2025-03-04 13:01:53 [INFO] Initializing Spring embedded WebApplicationContext
2025-03-04 13:01:53 [INFO] Root WebApplicationContext: initialization completed in 1268 ms
2025-03-04 13:01:53 [INFO] HHH000204: Processing PersistenceUnitInfo [name: default]
2025-03-04 13:01:53 [INFO] HHH000412: Hibernate ORM core version 6.6.8.Final
2025-03-04 13:01:53 [INFO] HHH000026: Second-level cache disabled
2025-03-04 13:01:53 [INFO] No LoadTimeWeaver setup: ignoring JPA class transformer
2025-03-04 13:01:53 [INFO] HikariPool-1 - Starting...
2025-03-04 13:01:54 [INFO] HikariPool-1 - Added connection com.mysql.cj.jdbc.ConnectionImpl@215ed031
2025-03-04 13:01:54 [INFO] HikariPool-1 - Start completed.
2025-03-04 13:01:54 [WARN] HHH90000025: MySQL8Dialect does not need to be specified explicitly using 'hibernate.dialect' (remove the property setting and it will be selected by default)
2025-03-04 13:01:54 [WARN] HHH90000026: MySQL8Dialect has been deprecated; use org.hibernate.dialect.MySQLDialect instead
2025-03-04 13:01:54 [INFO] HHH10001005: Database info:
	Database JDBC URL [Connecting through datasource 'HikariDataSource (HikariPool-1)']
	Database driver: undefined/unknown
	Database version: 8.0
	Autocommit mode: undefined/unknown
	Isolation level: undefined/unknown
	Minimum pool size: undefined/unknown
	Maximum pool size: undefined/unknown
2025-03-04 13:01:54 [INFO] HHH000489: No JTA platform available (set 'hibernate.transaction.jta.platform' to enable JTA platform integration)
2025-03-04 13:01:55 [INFO] Initialized JPA EntityManagerFactory for persistence unit 'default'
2025-03-04 13:01:55 [WARN] spring.jpa.open-in-view is enabled by default. Therefore, database queries may be performed during view rendering. Explicitly configure spring.jpa.open-in-view to disable this warning
2025-03-04 13:01:55 [INFO] LiveReload server is running on port 35729
2025-03-04 13:01:55 [INFO] Tomcat started on port 8080 (http) with context path '/'
2025-03-04 13:01:55 [INFO] Started AddressBookAppApplication in 4.111 seconds (process running for 4.854)
2025-03-04 13:02:00 [INFO] Application shutdown requested.
2025-03-04 13:02:00 [INFO] Commencing graceful shutdown. Waiting for active requests to complete
2025-03-04 13:02:00 [INFO] Graceful shutdown complete
2025-03-04 13:02:00 [INFO] Closing JPA EntityManagerFactory for persistence unit 'default'
2025-03-04 13:02:00 [INFO] HikariPool-1 - Shutdown initiated...
2025-03-04 13:02:00 [INFO] HikariPool-1 - Shutdown completed.
